Exporter version: 3.3.1, Blender version: 3.6.0
========= Conversion from Blender to Babylon.js =========
	Scene settings used :
		Inline textures     :  false
		Material Type       :  PBR
		Positions Precision :  4
		Normals Precision   :  3
		UVs Precision       :  3
		Vert Color Precision:  3
		Mat Weight Precision:  2
		Keep Z-up r-handed  :  no
		Texture directory   :  /home/Beany/Documents/
			processing texture k_stars_milky_way_8
	Python World class constructor completed
	WARNING: No active camera has been assigned, or is not in a currently enabled collection
	processing begun of mesh:  Atmosphere
		processing begun of material:  Material.004
			WARNING: unsupported node type(ShaderNodeSeparateXYZ) will trigger baking
			WARNING: unsupported node type(ShaderNodeValToRGB) will trigger baking
			WARNING: unsupported node type(ShaderNodeLayerWeight) will trigger baking
			WARNING: unsupported node type(ShaderNodeValToRGB) will trigger baking
			bake time:  0 min, 0.0935 secs
		num positions      :  8756
		num normals        :  8756
		num tangents       :  0
		num uvs            :  17512
		num uvs2           :  0
		num colors         :  0
		num triangles      :  15872
	processing begun of mesh:  Planet
		processing begun of material:  Material.001
			WARNING: unsupported node type(ShaderNodeSeparateXYZ) will trigger baking
			WARNING: unsupported node type(ShaderNodeValToRGB) will trigger baking
			WARNING: unsupported node type(ShaderNodeSeparateXYZ) will trigger baking
			WARNING: unsupported node type(ShaderNodeValToRGB) will trigger baking
			WARNING: unsupported node type(ShaderNodeBump) will trigger baking
			processing texture k_earth_nightmap_8
			processing texture k_earth_specular_map_8
			processing texture k_earth_nightmap_8
			processing texture k_earth_normal_map_8
			Baking texture, type: DIFFUSE, mapped using: UVMap
			processing texture Planet_baked_DIFFUSE
			Diffuse / albeto channel baked
			Baking texture, type: EMIT, mapped using: UVMap
			processing texture Planet_baked_EMIT
			emissive channel baked
			bake time:  0 min, 15.73 secs
		num positions      :  8756
		num normals        :  8756
		num tangents       :  0
		num uvs            :  17512
		num uvs2           :  0
		num colors         :  0
		num triangles      :  15872
	processing begun of node:  Empty
	processing begun of mesh:  Clouds
		processing begun of material:  Material.007
			WARNING: unsupported node type(ShaderNodeValToRGB) will trigger baking
			bake time:  0 min, 0.0024 secs
		num positions      :  8756
		num normals        :  8756
		num tangents       :  0
		num uvs            :  17512
		num uvs2           :  0
		num colors         :  0
		num triangles      :  15872
	processing begun of light (DIRECTIONAL):  Sun
========= Writing of JSON file started =========
	writing mesh:  Atmosphere
	writing mesh:  Planet
	writing mesh:  Clouds
========= Writing of JSON file completed =========
========= end of processing =========
elapsed time:  0 min, 17.1693 secs
